<?xml version="1.0" encoding="UTF-8"?>
<!-- Generated by org.testng.reporters.JUnitReportReporter -->
<testsuite hostname="DESKTOP-16OA2AH" failures="0" tests="2" name="com.admin.testcases.DataDriverTest" time="16.044" errors="0" timestamp="2022-08-22T16:18:20 IST" skipped="0">
  <testcase classname="com.admin.testcases.DataDriverTest" name="logitest" time="13.142"/>
  <system-out/>
  <testcase classname="com.admin.testcases.DataDriverTest" name="logitest" time="2.902"/>
  <system-out/>
</testsuite> <!-- com.admin.testcases.DataDriverTest -->
